<?xml version="1.0" encoding="UTF-8"?>
<!-- Generated by org.testng.reporters.JUnitXMLReporter -->
<testsuite hostname="Chandan-PC" name="Set a Tour" tests="8" failures="0" timestamp="7 Jan 2021 03:11:25 GMT" time="29.749" errors="0">
  <testcase name="validateTestApplication" time="0.011" classname="Academy.TestLauncher"/>
  <testcase name="launchLoginPage" time="3.027" classname="Academy.TestLauncher"/>
  <testcase name="testLogin" time="1.007" classname="Academy.TestLauncher"/>
  <testcase name="naviagateToRoutePlannerPage" time="2.726" classname="Academy.TestLauncher"/>
  <testcase name="setDestinationPoint" time="4.513" classname="Academy.TestLauncher"/>
  <testcase name="setStartPoint" time="0.753" classname="Academy.TestLauncher"/>
  <testcase name="setSaveTour" time="5.842" classname="Academy.TestLauncher"/>
  <testcase name="userLogout" time="2.329" classname="Academy.TestLauncher"/>
</testsuite> <!-- Set a Tour -->
